<?xml version="1.0" encoding="UTF-8"?>
<!-- Generated by org.testng.reporters.JUnitReportReporter -->
<testsuite hostname="karishmas-MacBook-Air.local" failures="0" tests="1" name="Testscript.TC10" time="38.563" errors="0" timestamp="24 Dec 2020 06:17:20 GMT">
  <testcase classname="Testscript.TC10" name="signparent_validusername_invalidpassword" time="38.563"/>
</testsuite> <!-- Testscript.TC10 -->
