<?xml version="1.0" encoding="UTF-8"?>
<!-- Generated by org.testng.reporters.JUnitReportReporter -->
<testsuite hostname="karishmas-MacBook-Air.local" failures="0" tests="1" name="Testscript.TC24" time="71.869" errors="0" timestamp="13 Jan 2021 16:37:24 GMT">
  <testcase classname="Testscript.TC24" name="tutor_Myprofile" time="71.869"/>
</testsuite> <!-- Testscript.TC24 -->
