<?xml version="1.0" encoding="UTF-8"?>
<!-- Generated by org.testng.reporters.JUnitReportReporter -->
<testsuite hostname="karishmas-MacBook-Air.local" failures="0" tests="1" name="Testscript.TC18" time="38.600" errors="0" timestamp="24 Dec 2020 06:17:20 GMT">
  <testcase classname="Testscript.TC18" name="forgotpassword_tutor_invalidemailformat" time="38.600"/>
</testsuite> <!-- Testscript.TC18 -->
