<?xml version="1.0" encoding="UTF-8"?>
<!-- Generated by org.testng.reporters.JUnitReportReporter -->
<testsuite hostname="karishmas-MacBook-Air.local" failures="0" tests="1" name="Testscript.TC23" time="145.130" errors="0" timestamp="5 Jan 2021 16:43:08 GMT">
  <testcase classname="Testscript.TC23" name="Myprofile_parent" time="145.130"/>
</testsuite> <!-- Testscript.TC23 -->
