<?xml version="1.0" encoding="UTF-8"?>
<!-- Generated by org.testng.reporters.JUnitReportReporter -->
<testsuite hostname="karishmas-MacBook-Air.local" failures="0" tests="1" name="Testscript.TC7" time="71.949" errors="0" timestamp="24 Dec 2020 06:20:03 GMT">
  <testcase classname="Testscript.TC7" name="forgotpassword_parent" time="71.949"/>
</testsuite> <!-- Testscript.TC7 -->
