<?xml version="1.0" encoding="UTF-8"?>
<!-- Generated by org.testng.reporters.JUnitReportReporter -->
<testsuite hostname="karishmas-MacBook-Air.local" failures="0" tests="1" name="Testscript.TC22" time="23.901" errors="0" timestamp="24 Dec 2020 06:17:20 GMT">
  <testcase classname="Testscript.TC22" name="signinparent_leaveusernameblank_leaveblankpassword" time="23.901"/>
</testsuite> <!-- Testscript.TC22 -->
