<?xml version="1.0" encoding="UTF-8"?>
<!-- Generated by org.testng.reporters.JUnitReportReporter -->
<testsuite hostname="karishmas-MacBook-Air.local" failures="0" tests="1" name="Testscript.TC16" time="38.701" errors="0" timestamp="24 Dec 2020 06:17:20 GMT">
  <testcase classname="Testscript.TC16" name="forgotpassword_tutor_enternotregistered_emailid" time="38.701"/>
</testsuite> <!-- Testscript.TC16 -->
