<?xml version="1.0" encoding="UTF-8"?>
<!-- Generated by org.testng.reporters.JUnitReportReporter -->
<testsuite hostname="karishmas-MacBook-Air.local" failures="0" tests="1" name="Testscript.TC25" time="112.170" errors="0" timestamp="17 Jan 2021 12:56:13 GMT">
  <testcase classname="Testscript.TC25" name="parent_Mywallet" time="112.170"/>
</testsuite> <!-- Testscript.TC25 -->
