<?xml version="1.0" encoding="UTF-8"?>
<!-- Generated by org.testng.reporters.JUnitReportReporter -->
<testsuite hostname="karishmas-MacBook-Air.local" failures="0" tests="1" name="Testscript.TC27" time="70.651" errors="0" timestamp="17 Jan 2021 16:09:36 GMT">
  <testcase classname="Testscript.TC27" name="edit_card" time="70.651"/>
</testsuite> <!-- Testscript.TC27 -->
