<?xml version="1.0" encoding="UTF-8"?>
<!-- Generated by org.testng.reporters.JUnitReportReporter -->
<testsuite hostname="karishmas-MacBook-Air.local" failures="0" tests="1" name="Booking.TC2" time="87.748" errors="0" timestamp="18 Aug 2021 15:38:36 GMT">
  <testcase classname="Booking.TC2" name="bookingflow_singlesession" time="87.748"/>
</testsuite> <!-- Booking.TC2 -->
