<?xml version="1.0" encoding="UTF-8"?>
<!-- Generated by org.testng.reporters.JUnitReportReporter -->
<testsuite hostname="karishmas-MacBook-Air.local" failures="0" tests="1" name="Testscript.TC21" time="28.641" errors="0" timestamp="24 Dec 2020 06:17:20 GMT">
  <testcase classname="Testscript.TC21" name="signinparent_leave_username_blank" time="28.641"/>
</testsuite> <!-- Testscript.TC21 -->
