<?xml version="1.0" encoding="UTF-8"?>
<!-- Generated by org.testng.reporters.JUnitReportReporter -->
<testsuite hostname="karishmas-MacBook-Air.local" failures="0" tests="1" name="Testscript.TC26" time="65.421" errors="0" timestamp="17 Jan 2021 15:39:42 GMT">
  <testcase classname="Testscript.TC26" name="wallet_delete" time="65.421"/>
</testsuite> <!-- Testscript.TC26 -->
