<?xml version="1.0" encoding="UTF-8"?>
<!-- Generated by org.testng.reporters.JUnitReportReporter -->
<testsuite hostname="karishmas-MacBook-Air.local" failures="0" tests="1" name="Testscript.TC29" time="38.052" errors="0" timestamp="3 Aug 2021 16:08:46 GMT">
  <testcase classname="Testscript.TC29" name="sessionfeedback" time="38.052"/>
</testsuite> <!-- Testscript.TC29 -->
