<?xml version="1.0" encoding="UTF-8"?>
<!-- Generated by org.testng.reporters.JUnitReportReporter -->
<testsuite hostname="karishmas-MacBook-Air.local" failures="0" tests="1" name="Testscript.TC28" time="73.095" errors="0" timestamp="17 Jan 2021 16:34:57 GMT">
  <testcase classname="Testscript.TC28" name="edit_card" time="73.095"/>
</testsuite> <!-- Testscript.TC28 -->
