<?xml version="1.0" encoding="UTF-8"?>
<!-- Generated by org.testng.reporters.JUnitReportReporter -->
<testsuite hostname="karishmas-MacBook-Air.local" failures="0" tests="1" name="Testscript.TC13" time="38.801" errors="0" timestamp="24 Dec 2020 06:17:20 GMT">
  <testcase classname="Testscript.TC13" name="forgotusernameparent_enterinvalidemail_format" time="38.801"/>
</testsuite> <!-- Testscript.TC13 -->
